<?xml version="1.0" encoding="UTF-8"?>
<testsuite xmlns:xsi="http://www.w3.org/2001/XMLSchema-instance" xsi:noNamespaceSchemaLocation="https://maven.apache.org/surefire/maven-surefire-plugin/xsd/surefire-test-report.xsd" version="3.0.2" name="com.example.to_do_list.ToDoListApplicationTests" time="6.759" tests="1" errors="0" skipped="0" failures="0">
  <properties>
[...]
</properties>
  <testcase name="contextLoads" classname="com.example.to_do_list.ToDoListApplicationTests" time="1.043">
    <system-out><![CDATA[02:05:00.969 [main] INFO org.springframework.test.context.support.AnnotationConfigContextLoaderUtils -- Could not detect default configuration classes for test class [com.example.to_do_list.ToDoListApplicationTests]: ToDoListApplicationTests does not declare any static, non-private, non-final, nested classes annotated with @Configuration.
02:05:01.141 [main] INFO org.springframework.boot.test.context.SpringBootTestContextBootstrapper -- Found @SpringBootConfiguration com.example.to_do_list.ToDoListApplication for test class com.example.to_do_list.ToDoListApplicationTests

  .   ____          _            __ _ _
 /\\ / ___'_ __ _ _(_)_ __  __ _ \ \ \ \
( ( )\___ | '_ | '_| | '_ \/ _` | \ \ \ \
 \\/  ___)| |_)| | | | | || (_| |  ) ) ) )
  '  |____| .__|_| |_|_| |_\__, | / / / /
 =========|_|==============|___/=/_/_/_/

 :: Spring Boot ::                (v3.4.3)

2025-03-05T02:05:01.765+02:00  INFO 22276 --- [to-do-list] [           main] c.e.to_do_list.ToDoListApplicationTests  : Starting ToDoListApplicationTests using Java 17.0.7 with PID 22276 (started by abdul in C:\Users\abdul\Desktop\MasteryHub\originators-todolist-spring-api\to-do-list)
2025-03-05T02:05:01.767+02:00  INFO 22276 --- [to-do-list] [           main] c.e.to_do_list.ToDoListApplicationTests  : No active profile set, falling back to 1 default profile: "default"
2025-03-05T02:05:02.860+02:00  INFO 22276 --- [to-do-list] [           main] .s.d.r.c.RepositoryConfigurationDelegate : Bootstrapping Spring Data MongoDB repositories in DEFAULT mode.
2025-03-05T02:05:02.930+02:00  INFO 22276 --- [to-do-list] [           main] .s.d.r.c.RepositoryConfigurationDelegate : Finished Spring Data repository scanning in 62 ms. Found 1 MongoDB repository interface.
2025-03-05T02:05:03.722+02:00  INFO 22276 --- [to-do-list] [           main] org.mongodb.driver.client                : MongoClient with metadata {"driver": {"name": "mongo-java-driver|sync|spring-boot", "version": "5.2.1"}, "os": {"type": "Windows", "name": "Windows 11", "architecture": "amd64", "version": "10.0"}, "platform": "Java/Eclipse Adoptium/17.0.7+7"} created with settings MongoClientSettings{readPreference=primary, writeConcern=WriteConcern{w=null, wTimeout=null ms, journal=null}, retryWrites=true, retryReads=true, readConcern=ReadConcern{level=null}, credential=MongoCredential{mechanism=null, userName='root', source='admin', password=<hidden>, mechanismProperties=<hidden>}, transportSettings=null, commandListeners=[], codecRegistry=ProvidersCodecRegistry{codecProviders=[ValueCodecProvider{}, BsonValueCodecProvider{}, DBRefCodecProvider{}, DBObjectCodecProvider{}, DocumentCodecProvider{}, CollectionCodecProvider{}, IterableCodecProvider{}, MapCodecProvider{}, GeoJsonCodecProvider{}, GridFSFileCodecProvider{}, Jsr310CodecProvider{}, JsonObjectCodecProvider{}, BsonCodecProvider{}, EnumCodecProvider{}, com.mongodb.client.model.mql.ExpressionCodecProvider@4ef4f627, com.mongodb.Jep395RecordCodecProvider@4ea56bdb, com.mongodb.KotlinCodecProvider@32227215]}, loggerSettings=LoggerSettings{maxDocumentLength=1000}, clusterSettings={hosts=[127.0.0.1:27017], srvHost=cluster1.lvnr2.mongodb.net, srvServiceName=mongodb, mode=MULTIPLE, requiredClusterType=REPLICA_SET, requiredReplicaSetName='atlas-12nwso-shard-0', serverSelector='null', clusterListeners='[]', serverSelectionTimeout='30000 ms', localThreshold='15 ms'}, socketSettings=SocketSettings{connectTimeoutMS=10000, readTimeoutMS=0, receiveBufferSize=0, proxySettings=ProxySettings{host=null, port=null, username=null, password=null}}, heartbeatSocketSettings=SocketSettings{connectTimeoutMS=10000, readTimeoutMS=10000, receiveBufferSize=0, proxySettings=ProxySettings{host=null, port=null, username=null, password=null}}, connectionPoolSettings=ConnectionPoolSettings{maxSize=100, minSize=0, maxWaitTimeMS=120000, maxConnectionLifeTimeMS=0, maxConnectionIdleTimeMS=0, maintenanceInitialDelayMS=0, maintenanceFrequencyMS=60000, connectionPoolListeners=[], maxConnecting=2}, serverSettings=ServerSettings{heartbeatFrequencyMS=10000, minHeartbeatFrequencyMS=500, serverMonitoringMode=AUTO, serverListeners='[]', serverMonitorListeners='[]'}, sslSettings=SslSettings{enabled=true, invalidHostNameAllowed=false, context=null}, applicationName='null', compressorList=[], uuidRepresentation=JAVA_LEGACY, serverApi=null, autoEncryptionSettings=null, dnsClient=null, inetAddressResolver=null, contextProvider=null, timeoutMS=null}
2025-03-05T02:05:03.735+02:00  INFO 22276 --- [to-do-list] [nr2.mongodb.net] org.mongodb.driver.cluster               : Adding discovered server cluster1-shard-00-00.lvnr2.mongodb.net:27017 to client view of cluster
2025-03-05T02:05:03.772+02:00  INFO 22276 --- [to-do-list] [nr2.mongodb.net] org.mongodb.driver.cluster               : Adding discovered server cluster1-shard-00-01.lvnr2.mongodb.net:27017 to client view of cluster
2025-03-05T02:05:03.775+02:00  INFO 22276 --- [to-do-list] [nr2.mongodb.net] org.mongodb.driver.cluster               : Adding discovered server cluster1-shard-00-02.lvnr2.mongodb.net:27017 to client view of cluster
2025-03-05T02:05:04.398+02:00  INFO 22276 --- [to-do-list] [           main] r$InitializeUserDetailsManagerConfigurer : Global AuthenticationManager configured with UserDetailsService bean with name customUserDetailsService
2025-03-05T02:05:04.770+02:00  INFO 22276 --- [to-do-list] [ngodb.net:27017] org.mongodb.driver.cluster               : Monitor thread successfully connected to server with description ServerDescription{address=cluster1-shard-00-01.lvnr2.mongodb.net:27017, type=REPLICA_SET_SECONDARY, cryptd=false, state=CONNECTED, ok=true, minWireVersion=0, maxWireVersion=25, maxDocumentSize=16777216, logicalSessionTimeoutMinutes=30, roundTripTimeNanos=522188600, minRoundTripTimeNanos=0, setName='atlas-12nwso-shard-0', canonicalAddress=cluster1-shard-00-01.lvnr2.mongodb.net:27017, hosts=[cluster1-shard-00-02.lvnr2.mongodb.net:27017, cluster1-shard-00-01.lvnr2.mongodb.net:27017, cluster1-shard-00-00.lvnr2.mongodb.net:27017], passives=[], arbiters=[], primary='cluster1-shard-00-02.lvnr2.mongodb.net:27017', tagSet=TagSet{[Tag{name='availabilityZone', value='mes1-az2'}, Tag{name='diskState', value='READY'}, Tag{name='nodeType', value='ELECTABLE'}, Tag{name='provider', value='AWS'}, Tag{name='region', value='ME_SOUTH_1'}, Tag{name='workloadType', value='OPERATIONAL'}]}, electionId=null, setVersion=1, topologyVersion=TopologyVersion{processId=67bde9c2edb9af1a8ef066fe, counter=3}, lastWriteDate=Wed Mar 05 02:04:46 EET 2025, lastUpdateTimeNanos=1663618890707200}
2025-03-05T02:05:04.770+02:00  INFO 22276 --- [to-do-list] [ngodb.net:27017] org.mongodb.driver.cluster               : Monitor thread successfully connected to server with description ServerDescription{address=cluster1-shard-00-02.lvnr2.mongodb.net:27017, type=REPLICA_SET_PRIMARY, cryptd=false, state=CONNECTED, ok=true, minWireVersion=0, maxWireVersion=25, maxDocumentSize=16777216, logicalSessionTimeoutMinutes=30, roundTripTimeNanos=551420700, minRoundTripTimeNanos=0, setName='atlas-12nwso-shard-0', canonicalAddress=cluster1-shard-00-02.lvnr2.mongodb.net:27017, hosts=[cluster1-shard-00-02.lvnr2.mongodb.net:27017, cluster1-shard-00-01.lvnr2.mongodb.net:27017, cluster1-shard-00-00.lvnr2.mongodb.net:27017], passives=[], arbiters=[], primary='cluster1-shard-00-02.lvnr2.mongodb.net:27017', tagSet=TagSet{[Tag{name='availabilityZone', value='mes1-az3'}, Tag{name='diskState', value='READY'}, Tag{name='nodeType', value='ELECTABLE'}, Tag{name='provider', value='AWS'}, Tag{name='region', value='ME_SOUTH_1'}, Tag{name='workloadType', value='OPERATIONAL'}]}, electionId=7fffffff0000000000000007, setVersion=1, topologyVersion=TopologyVersion{processId=67bde997e260db4adde78072, counter=6}, lastWriteDate=Wed Mar 05 02:04:46 EET 2025, lastUpdateTimeNanos=1663618890707300}
2025-03-05T02:05:04.770+02:00  INFO 22276 --- [to-do-list] [ngodb.net:27017] org.mongodb.driver.cluster               : Monitor thread successfully connected to server with description ServerDescription{address=cluster1-shard-00-00.lvnr2.mongodb.net:27017, type=REPLICA_SET_SECONDARY, cryptd=false, state=CONNECTED, ok=true, minWireVersion=0, maxWireVersion=25, maxDocumentSize=16777216, logicalSessionTimeoutMinutes=30, roundTripTimeNanos=532698700, minRoundTripTimeNanos=0, setName='atlas-12nwso-shard-0', canonicalAddress=cluster1-shard-00-00.lvnr2.mongodb.net:27017, hosts=[cluster1-shard-00-02.lvnr2.mongodb.net:27017, cluster1-shard-00-01.lvnr2.mongodb.net:27017, cluster1-shard-00-00.lvnr2.mongodb.net:27017], passives=[], arbiters=[], primary='cluster1-shard-00-02.lvnr2.mongodb.net:27017', tagSet=TagSet{[Tag{name='availabilityZone', value='mes1-az1'}, Tag{name='diskState', value='READY'}, Tag{name='nodeType', value='ELECTABLE'}, Tag{name='provider', value='AWS'}, Tag{name='region', value='ME_SOUTH_1'}, Tag{name='workloadType', value='OPERATIONAL'}]}, electionId=null, setVersion=1, topologyVersion=TopologyVersion{processId=67bde96cf81b36caac3ee45f, counter=4}, lastWriteDate=Wed Mar 05 02:04:46 EET 2025, lastUpdateTimeNanos=1663618890708500}
2025-03-05T02:05:04.781+02:00  INFO 22276 --- [to-do-list] [ngodb.net:27017] org.mongodb.driver.cluster               : Discovered replica set primary cluster1-shard-00-02.lvnr2.mongodb.net:27017 with max election id 7fffffff0000000000000007 and max set version 1
2025-03-05T02:05:05.405+02:00  WARN 22276 --- [to-do-list] [           main] thorizationManagerRequestMatcherRegistry : One of the patterns in [auth/**, /api/**, /swagger-ui/**, /api-docs/**, /v3/api-docs/**] is missing a leading slash. This is discouraged; please include the leading slash in all your request matcher patterns. In future versions of Spring Security, leaving out the leading slash will result in an exception.
2025-03-05T02:05:05.598+02:00  INFO 22276 --- [to-do-list] [           main] o.s.v.b.OptionalValidatorFactoryBean     : Failed to set up a Bean Validation provider: jakarta.validation.NoProviderFoundException: Unable to create a Configuration, because no Jakarta Bean Validation provider could be found. Add a provider like Hibernate Validator (RI) to your classpath.
2025-03-05T02:05:06.409+02:00  INFO 22276 --- [to-do-list] [           main] c.e.to_do_list.ToDoListApplicationTests  : Started ToDoListApplicationTests in 4.984 seconds (process running for 6.395)
]]></system-out>
  </testcase>
</testsuite>